<?xml version="1.0" encoding="UTF-8"?>
<testng-results ignored="0" total="4" passed="3" failed="1" skipped="0">
  <reporter-output>
  </reporter-output>
  <suite started-at="2023-07-21T20:18:22 IST" name="JalaTask" finished-at="2023-07-21T20:20:00 IST" duration-ms="97683">
    <groups>
    </groups>
    <test started-at="2023-07-21T20:18:22 IST" name="Login" finished-at="2023-07-21T20:18:23 IST" duration-ms="948">
      <class name="testCases.LogIn_TestCase">
        <test-method signature="login_Test()[pri:0, instance:testCases.LogIn_TestCase@42e99e4a]" started-at="2023-07-21T20:18:22 IST" name="login_Test" finished-at="2023-07-21T20:18:23 IST" duration-ms="711" status="PASS">
          <reporter-output>
          </reporter-output>
        </test-method> <!-- login_Test -->
      </class> <!-- testCases.LogIn_TestCase -->
    </test> <!-- Login -->
    <test started-at="2023-07-21T20:18:24 IST" name="CreateEmployee" finished-at="2023-07-21T20:18:29 IST" duration-ms="4549">
      <class name="testCases.CreateEmployee_TestCase">
        <test-method signature="employee()[pri:0, instance:testCases.CreateEmployee_TestCase@72d1ad2e]" started-at="2023-07-21T20:18:24 IST" name="employee" finished-at="2023-07-21T20:18:28 IST" duration-ms="4534" status="PASS">
          <reporter-output>
          </reporter-output>
        </test-method> <!-- employee -->
      </class> <!-- testCases.CreateEmployee_TestCase -->
    </test> <!-- CreateEmployee -->
    <test started-at="2023-07-21T20:18:29 IST" name="SearchEmployee" finished-at="2023-07-21T20:18:30 IST" duration-ms="1543">
      <class name="testCases.SearchEmployee_TestCase">
        <test-method signature="Search()[pri:0, instance:testCases.SearchEmployee_TestCase@35cabb2a]" started-at="2023-07-21T20:18:29 IST" name="Search" finished-at="2023-07-21T20:18:30 IST" duration-ms="1522" status="PASS">
          <reporter-output>
          </reporter-output>
        </test-method> <!-- Search -->
      </class> <!-- testCases.SearchEmployee_TestCase -->
    </test> <!-- SearchEmployee -->
    <test started-at="2023-07-21T20:18:30 IST" name="MoreTasks" finished-at="2023-07-21T20:20:00 IST" duration-ms="89425">
      <class name="testCases.More_TestCase">
        <test-method is-config="true" signature="launchBrowser()[pri:0, instance:testCases.More_TestCase@1d2adfbe]" started-at="2023-07-21T20:18:09 IST" name="launchBrowser" finished-at="2023-07-21T20:18:22 IST" duration-ms="13008" status="PASS">
          <reporter-output>
          </reporter-output>
        </test-method> <!-- launchBrowser -->
        <test-method signature="more()[pri:0, instance:testCases.More_TestCase@1d2adfbe]" started-at="2023-07-21T20:18:30 IST" name="more" finished-at="2023-07-21T20:20:00 IST" duration-ms="89397" status="FAIL">
          <exception class="org.openqa.selenium.TimeoutException">
            <message>
              <![CDATA[timeout: Timed out receiving message from renderer: 30.000
  (Session info: MicrosoftEdge=109.0.1518.115)
Build info: version: '4.8.1', revision: '8ebccac989'
System info: os.name: 'Windows 7', os.arch: 'amd64', os.version: '6.1', java.version: '19.0.2'
Driver info: org.openqa.selenium.edge.EdgeDriver
Command: [3f5a412977a81b4a165f289f5cb81032, getTitle {}]
Capabilities {acceptInsecureCerts: false, browserName: msedge, browserVersion: 109.0.1518.115, ms:edgeOptions: {debuggerAddress: localhost:59061}, msedge: {msedgedriverVersion: 109.0.1518.78 (4e4b32c38163..., userDataDir: C:\Users\kishore\AppData\Lo...}, networkConnectionEnabled: false, pageLoadStrategy: normal, platformName: WINDOWS, proxy: Proxy(), se:cdp: ws://localhost:59061/devtoo..., se:cdpVersion: 109.0.1518.115, setWindowRect: true, strictFileInteractability: false, timeouts: {implicit: 0, pageLoad: 300000, script: 30000}, unhandledPromptBehavior: dismiss and notify, webauthn:extension:credBlob: true, webauthn:extension:largeBlob: true, webauthn:virtualAuthenticators: true}
Session ID: 3f5a412977a81b4a165f289f5cb81032]]>
            </message>
            <full-stacktrace>
              <![CDATA[org.openqa.selenium.TimeoutException: timeout: Timed out receiving message from renderer: 30.000
  (Session info: MicrosoftEdge=109.0.1518.115)
Build info: version: '4.8.1', revision: '8ebccac989'
System info: os.name: 'Windows 7', os.arch: 'amd64', os.version: '6.1', java.version: '19.0.2'
Driver info: org.openqa.selenium.edge.EdgeDriver
Command: [3f5a412977a81b4a165f289f5cb81032, getTitle {}]
Capabilities {acceptInsecureCerts: false, browserName: msedge, browserVersion: 109.0.1518.115, ms:edgeOptions: {debuggerAddress: localhost:59061}, msedge: {msedgedriverVersion: 109.0.1518.78 (4e4b32c38163..., userDataDir: C:\Users\kishore\AppData\Lo...}, networkConnectionEnabled: false, pageLoadStrategy: normal, platformName: WINDOWS, proxy: Proxy(), se:cdp: ws://localhost:59061/devtoo..., se:cdpVersion: 109.0.1518.115, setWindowRect: true, strictFileInteractability: false, timeouts: {implicit: 0, pageLoad: 300000, script: 30000}, unhandledPromptBehavior: dismiss and notify, webauthn:extension:credBlob: true, webauthn:extension:largeBlob: true, webauthn:virtualAuthenticators: true}
Session ID: 3f5a412977a81b4a165f289f5cb81032
at java.base/jdk.internal.reflect.DirectConstructorHandleAccessor.newInstance(DirectConstructorHandleAccessor.java:67)
at java.base/java.lang.reflect.Constructor.newInstanceWithCaller(Constructor.java:500)
at java.base/java.lang.reflect.Constructor.newInstance(Constructor.java:484)
at org.openqa.selenium.remote.codec.w3c.W3CHttpResponseCodec.createException(W3CHttpResponseCodec.java:200)
at org.openqa.selenium.remote.codec.w3c.W3CHttpResponseCodec.decode(W3CHttpResponseCodec.java:133)
at org.openqa.selenium.remote.codec.w3c.W3CHttpResponseCodec.decode(W3CHttpResponseCodec.java:53)
at org.openqa.selenium.remote.HttpCommandExecutor.execute(HttpCommandExecutor.java:184)
at org.openqa.selenium.remote.service.DriverCommandExecutor.invokeExecute(DriverCommandExecutor.java:167)
at org.openqa.selenium.remote.service.DriverCommandExecutor.execute(DriverCommandExecutor.java:142)
at org.openqa.selenium.remote.RemoteWebDriver.execute(RemoteWebDriver.java:543)
at org.openqa.selenium.remote.RemoteWebDriver.execute(RemoteWebDriver.java:598)
at org.openqa.selenium.remote.RemoteWebDriver.execute(RemoteWebDriver.java:602)
at org.openqa.selenium.remote.RemoteWebDriver.getTitle(RemoteWebDriver.java:302)
at pageObjects.More_Page.popupDuplicate(More_Page.java:180)
at testCases.More_TestCase.more(More_TestCase.java:39)
at java.base/jdk.internal.reflect.DirectMethodHandleAccessor.invoke(DirectMethodHandleAccessor.java:104)
at java.base/java.lang.reflect.Method.invoke(Method.java:578)
at org.testng.internal.MethodInvocationHelper.invokeMethod(MethodInvocationHelper.java:133)
at org.testng.internal.TestInvoker.invokeMethod(TestInvoker.java:598)
at org.testng.internal.TestInvoker.invokeTestMethod(TestInvoker.java:173)
at org.testng.internal.MethodRunner.runInSequence(MethodRunner.java:46)
at org.testng.internal.TestInvoker$MethodInvocationAgent.invoke(TestInvoker.java:824)
at org.testng.internal.TestInvoker.invokeTestMethods(TestInvoker.java:146)
at org.testng.internal.TestMethodWorker.invokeTestMethods(TestMethodWorker.java:146)
at org.testng.internal.TestMethodWorker.run(TestMethodWorker.java:128)
at java.base/java.util.ArrayList.forEach(ArrayList.java:1511)
at org.testng.TestRunner.privateRun(TestRunner.java:794)
at org.testng.TestRunner.run(TestRunner.java:596)
at org.testng.SuiteRunner.runTest(SuiteRunner.java:377)
at org.testng.SuiteRunner.runSequentially(SuiteRunner.java:371)
at org.testng.SuiteRunner.privateRun(SuiteRunner.java:332)
at org.testng.SuiteRunner.run(SuiteRunner.java:276)
at org.testng.SuiteRunnerWorker.runSuite(SuiteRunnerWorker.java:53)
at org.testng.SuiteRunnerWorker.run(SuiteRunnerWorker.java:96)
at org.testng.TestNG.runSuitesSequentially(TestNG.java:1212)
at org.testng.TestNG.runSuitesLocally(TestNG.java:1134)
at org.testng.TestNG.runSuites(TestNG.java:1063)
at org.testng.TestNG.run(TestNG.java:1031)
at org.testng.remote.AbstractRemoteTestNG.run(AbstractRemoteTestNG.java:115)
at org.testng.remote.RemoteTestNG.initAndRun(RemoteTestNG.java:251)
at org.testng.remote.RemoteTestNG.main(RemoteTestNG.java:77)
]]>
            </full-stacktrace>
          </exception> <!-- org.openqa.selenium.TimeoutException -->
          <reporter-output>
          </reporter-output>
        </test-method> <!-- more -->
        <test-method is-config="true" signature="closeBrowser()[pri:0, instance:testCases.More_TestCase@1d2adfbe]" started-at="2023-07-21T20:20:00 IST" name="closeBrowser" finished-at="2023-07-21T20:20:01 IST" duration-ms="1587" status="PASS">
          <reporter-output>
          </reporter-output>
        </test-method> <!-- closeBrowser -->
      </class> <!-- testCases.More_TestCase -->
    </test> <!-- MoreTasks -->
  </suite> <!-- JalaTask -->
</testng-results>
